<?xml version="1.0" encoding="UTF-8"?>
<!-- Generated by org.testng.reporters.JUnitXMLReporter -->
<testsuite hostname="DESKTOP-UUKOVN8" failures="0" tests="4" name="Test" time="0.045" errors="0" timestamp="25 Jun 2020 19:36:21 GMT">
  <testcase classname="qaclickacademy.AppiumTest" name="Butter" time="0.016"/>
  <testcase classname="qaclickacademy.AppiumTest" name="maven" time="0.001"/>
  <testcase classname="qaclickacademy.RestTest" name="ios" time="0.001"/>
  <testcase classname="qaclickacademy.RestTest" name="oxalis" time="0.001"/>
</testsuite> <!-- Test -->
