<?xml version="1.0" encoding="UTF-8"?>
<testng-results total="4" passed="4" failed="0" skipped="0">
  <reporter-output>
  </reporter-output>
  <suite started-at="2020-06-25T19:36:21Z" name="Suite" finished-at="2020-06-25T19:36:21Z" duration-ms="45">
    <groups>
    </groups>
    <test started-at="2020-06-25T19:36:21Z" name="Test" finished-at="2020-06-25T19:36:21Z" duration-ms="45">
      <class name="qaclickacademy.AppiumTest">
        <test-method signature="Butter()[pri:0, instance:qaclickacademy.AppiumTest@239105a8]" started-at="2020-06-25T15:36:21Z" name="Butter" finished-at="2020-06-25T15:36:21Z" duration-ms="16" status="PASS">
          <reporter-output>
          </reporter-output>
        </test-method> <!-- Butter -->
        <test-method signature="maven()[pri:0, instance:qaclickacademy.AppiumTest@239105a8]" started-at="2020-06-25T15:36:21Z" name="maven" finished-at="2020-06-25T15:36:21Z" duration-ms="1" status="PASS">
          <reporter-output>
          </reporter-output>
        </test-method> <!-- maven -->
      </class> <!-- qaclickacademy.AppiumTest -->
      <class name="qaclickacademy.RestTest">
        <test-method signature="ios()[pri:0, instance:qaclickacademy.RestTest@48b67364]" started-at="2020-06-25T15:36:21Z" name="ios" finished-at="2020-06-25T15:36:21Z" duration-ms="1" status="PASS">
          <reporter-output>
          </reporter-output>
        </test-method> <!-- ios -->
        <test-method signature="oxalis()[pri:0, instance:qaclickacademy.RestTest@48b67364]" started-at="2020-06-25T15:36:21Z" name="oxalis" finished-at="2020-06-25T15:36:21Z" duration-ms="1" status="PASS">
          <reporter-output>
          </reporter-output>
        </test-method> <!-- oxalis -->
      </class> <!-- qaclickacademy.RestTest -->
    </test> <!-- Test -->
  </suite> <!-- Suite -->
</testng-results>
